============================= test session starts =============================
platform win32 -- Python 3.12.10, pytest-9.0.3, pluggy-1.6.0 -- C:\Users\reach\AppData\Local\Programs\Python\Python312\python.exe
cachedir: .pytest_cache
rootdir: C:\Users\reach\Microsoft-IXN-Prototype5
collecting ... collected 62 items

tests/prototype5/test_benchmark_cases.py::test_load_benchmark_cases_normalises_id_and_command PASSED [  1%]
tests/prototype5/test_benchmark_cases.py::test_load_benchmark_cases_reports_missing PASSED [  3%]
tests/prototype5/test_claims_matrix.py::test_claims_matrix_includes_required_missing_evidence_claims PASSED [  4%]
tests/prototype5/test_claims_matrix.py::test_false_accept_reduction_claim_can_be_proven PASSED [  6%]
tests/prototype5/test_claims_matrix.py::test_claims_matrix_marks_complete_custom_quantisation_evidence_proven PASSED [  8%]
tests/prototype5/test_cloud_baseline_runner.py::test_cloud_runner_does_not_crash_when_api_key_missing PASSED [  9%]
tests/prototype5/test_cloud_baseline_runner.py::test_429_retry_classification_then_success PASSED [ 11%]
tests/prototype5/test_cloud_baseline_runner.py::test_all_429_gives_rate_limited_status PASSED [ 12%]
tests/prototype5/test_cloud_baseline_runner.py::test_successful_checkpoint_rows_are_preserved_and_resume_skips PASSED [ 14%]
tests/prototype5/test_cloud_baseline_runner.py::test_complete_checkpoint_is_used_without_api_key PASSED [ 16%]
tests/prototype5/test_cloud_baseline_runner.py::test_full_30_success_gives_complete PASSED [ 17%]
tests/prototype5/test_cloud_baseline_runner.py::test_partial_success_gives_partial PASSED [ 19%]
tests/prototype5/test_cloud_status.py::test_missing_api_key_produces_not_run_api_key_missing PASSED [ 20%]
tests/prototype5/test_cloud_status.py::test_present_api_key_is_ready_without_exposing_secret PASSED [ 22%]
tests/prototype5/test_evidence_manifest.py::test_manifest_marks_quantisation_missing_without_explicit_evidence PASSED [ 24%]
tests/prototype5/test_evidence_manifest.py::test_manifest_includes_custom_precision_metadata_files PASSED [ 25%]
tests/prototype5/test_evidence_manifest.py::test_manifest_treats_prototype1_as_optional_context_not_core_missing PASSED [ 27%]
tests/prototype5/test_evidence_paths.py::test_expected_paths_are_defined PASSED [ 29%]
tests/prototype5/test_evidence_paths.py::test_missing_inputs_are_recorded PASSED [ 30%]
tests/prototype5/test_final_dissertation_pack.py::test_final_pack_files_exist PASSED [ 32%]
tests/prototype5/test_final_dissertation_pack.py::test_evidence_dashboard_has_required_claims PASSED [ 33%]
tests/prototype5/test_final_dissertation_pack.py::test_brief_alignment_has_required_rows PASSED [ 35%]
tests/prototype5/test_final_dissertation_pack.py::test_metric_taxonomy_has_required_metrics PASSED [ 37%]
tests/prototype5/test_final_dissertation_pack.py::test_research_question_mapping_has_main_rq PASSED [ 38%]
tests/prototype5/test_final_dissertation_pack.py::test_claim_boundaries_mentions_limitations PASSED [ 40%]
tests/prototype5/test_final_dissertation_pack.py::test_prototype1_context_note_marks_gap_optional PASSED [ 41%]
tests/prototype5/test_foundry_discovery.py::test_discover_foundry_models_detects_phi PASSED [ 43%]
tests/prototype5/test_foundry_discovery.py::test_discover_foundry_models_handles_unavailable_service PASSED [ 45%]
tests/prototype5/test_foundry_discovery.py::test_select_phi_model_prefers_phi_environment_model PASSED [ 46%]
tests/prototype5/test_loaders.py::test_loaders_handle_missing_optional_files PASSED [ 48%]
tests/prototype5/test_loaders.py::test_load_evidence_uses_file_extensions PASSED [ 50%]
tests/prototype5/test_local_cloud_comparison.py::test_local_cloud_comparison_generates_fallback_outputs_without_overwriting_mode_b PASSED [ 51%]
tests/prototype5/test_mode_c_cloud_baseline.py::test_cloud_api_key_present_respects_empty_env PASSED [ 53%]
tests/prototype5/test_mode_c_cloud_baseline.py::test_mode_c_no_key_fallback_generates_outputs PASSED [ 54%]
tests/prototype5/test_mode_d_summary.py::test_mode_d_summary_includes_limitations_and_claims PASSED [ 56%]
tests/prototype5/test_mode_d_summary.py::test_mode_d_summary_limited_when_psutil_missing PASSED [ 58%]
tests/prototype5/test_mode_d_summary.py::test_mode_d_summary_writes_csv_json_and_doc PASSED [ 59%]
tests/prototype5/test_mode_d_summary.py::test_mode_d_summary_marks_missing_local_evidence PASSED [ 61%]
tests/prototype5/test_mode_d_summary.py::test_collect_mode_d_evidence_prefers_final_live_summary PASSED [ 62%]
tests/prototype5/test_phi_claims_matrix.py::test_phi_claim_is_partial_when_real_phi_outputs_exist PASSED [ 64%]
tests/prototype5/test_phi_claims_matrix.py::test_phi_claim_remains_missing_without_real_outputs PASSED [ 66%]
tests/prototype5/test_phi_recovery_metrics.py::test_summarise_phi_results_present_for_all_successes PASSED [ 67%]
tests/prototype5/test_phi_recovery_metrics.py::test_summarise_phi_results_partial_for_some_successes PASSED [ 69%]
tests/prototype5/test_phi_recovery_metrics.py::test_collect_phi_evidence_from_jsonl_outputs PASSED [ 70%]
tests/prototype5/test_phi_recovery_metrics.py::test_strip_json_fences_handles_json_fenced_content PASSED [ 72%]
tests/prototype5/test_phi_recovery_metrics.py::test_strip_json_fences_handles_plain_json PASSED [ 74%]
tests/prototype5/test_phi_recovery_metrics.py::test_extract_response_text_handles_message_content PASSED [ 75%]
tests/prototype5/test_phi_recovery_metrics.py::test_extract_response_text_handles_delta_content PASSED [ 77%]
tests/prototype5/test_phi_recovery_metrics.py::test_limited_run_with_successful_fenced_json_is_partial PASSED [ 79%]
tests/prototype5/test_quantisation_evidence.py::test_metadata_precision_fp16_int8_int4_is_detected PASSED [ 80%]
tests/prototype5/test_quantisation_evidence.py::test_all_three_precisions_produce_complete_custom_evidence PASSED [ 82%]
tests/prototype5/test_quantisation_evidence.py::test_cpu_gpu_only_model_ids_do_not_count_as_quantisation_evidence PASSED [ 83%]
tests/prototype5/test_quantisation_evidence.py::test_run_recovery_prints_summary PASSED [ 85%]
tests/prototype5/test_report_exports.py::test_report_exports_create_csv_json_and_markdown_outputs PASSED [ 87%]
tests/prototype5/test_report_exports.py::test_orchestrator_can_run_with_available_local_evidence PASSED [ 88%]
tests/prototype5/test_resource_profiler.py::test_resource_snapshot_returns_required_keys PASSED [ 90%]
tests/prototype5/test_resource_profiler.py::test_resource_profiler_does_not_crash_when_psutil_missing PASSED [ 91%]
tests/prototype5/test_resource_profiler.py::test_gpu_and_npu_unavailable_are_not_fake_numeric_values PASSED [ 93%]
tests/prototype5/test_resource_profiler.py::test_device_metadata_uses_not_available_when_psutil_missing PASSED [ 95%]
tests/prototype5/test_throughput_runner.py::test_throughput_runner_generates_mode_d_outputs_without_cloud_or_foundry PASSED [ 96%]
tests/prototype5/test_throughput_runner.py::test_throughput_csv_has_one_row_per_replay_unit PASSED [ 98%]
tests/prototype5/test_throughput_runner.py::test_live_local_request_records_not_implemented_and_uses_replay PASSED [100%]

============================= 62 passed in 1.03s ==============================
